<?xml version="1.0" encoding="UTF-8"?>
<!-- Generated by org.testng.reporters.JUnitXMLReporter -->
<testsuite hostname="INR1703297" ignored="0" name="Login" tests="1" failures="1" timestamp="16 Nov 2019 16:07:50 GMT" time="13.261" errors="0">
  <testcase name="loginUser" time="4.081" classname="testScript.Login">
    <failure type="java.lang.AssertionError" message="expected [Rahl Kumar] but found [Rahil Kumar]">
      <![CDATA[java.lang.AssertionError: expected [Rahl Kumar] but found [Rahil Kumar]
at testScript.Login.loginUser(Login.java:43)
... Removed 40 stack frames]]>
    </failure>
  </testcase> <!-- loginUser -->
</testsuite> <!-- Login -->
