<?xml version="1.0" encoding="UTF-8"?>
<!-- Generated by org.testng.reporters.JUnitXMLReporter -->
<testsuite hostname="INR1703297" ignored="0" name="Login" tests="1" failures="1" timestamp="16 Nov 2019 16:11:11 GMT" time="22.995" errors="0">
  <testcase name="loginUser" time="8.259" classname="testScript.Login">
    <failure type="java.lang.AssertionError" message="expected [Rahl Kumar] but found [Rahil Kumar]">
      <![CDATA[java.lang.AssertionError: expected [Rahl Kumar] but found [Rahil Kumar]
at testScript.Login.loginUser(Login.java:43)
at java.util.concurrent.FutureTask.run(FutureTask.java:266)
at java.util.concurrent.ThreadPoolExecutor.runWorker(ThreadPoolExecutor.java:1149)
at java.util.concurrent.ThreadPoolExecutor$Worker.run(ThreadPoolExecutor.java:624)
at java.lang.Thread.run(Thread.java:748)
... Removed 22 stack frames]]>
    </failure>
  </testcase> <!-- loginUser -->
</testsuite> <!-- Login -->
